[20-Dec-2011 06:31:48] Cannot open 
[20-Dec-2011 06:31:49] <B>Warning:</B> character u0000 is missing<BR>
[20-Dec-2011 06:31:49] <B>Warning:</B> character controlSTX is missing<BR>
[20-Dec-2011 06:31:49] <B>Warning:</B> character controlSOT is missing<BR>
[20-Dec-2011 06:31:49] <B>Warning:</B> character controlETX is missing<BR>
[20-Dec-2011 06:31:49] <B>Warning:</B> character controlEOT is missing<BR>
[20-Dec-2011 06:31:49] <B>Warning:</B> character controlENQ is missing<BR>
[20-Dec-2011 06:31:49] <B>Warning:</B> character controlACK is missing<BR>
[20-Dec-2011 06:31:49] <B>Warning:</B> character controlBEL is missing<BR>
[20-Dec-2011 06:31:49] <B>Warning:</B> character controlBS is missing<BR>
[20-Dec-2011 06:31:49] <B>Warning:</B> character controlHT is missing<BR>
[20-Dec-2011 06:31:49] <B>Warning:</B> character controlLF is missing<BR>
[20-Dec-2011 06:31:49] <B>Warning:</B> character controlVT is missing<BR>
[20-Dec-2011 06:31:49] <B>Warning:</B> character controlFF is missing<BR>
[20-Dec-2011 06:31:49] <B>Warning:</B> character controlCR is missing<BR>
[20-Dec-2011 06:31:49] <B>Warning:</B> character controlSO is missing<BR>
[20-Dec-2011 06:31:49] <B>Warning:</B> character controlSI is missing<BR>
[20-Dec-2011 06:31:49] <B>Warning:</B> character controlDLE is missing<BR>
[20-Dec-2011 06:31:49] <B>Warning:</B> character controlDC1 is missing<BR>
[20-Dec-2011 06:31:49] <B>Warning:</B> character controlDC2 is missing<BR>
[20-Dec-2011 06:31:49] <B>Warning:</B> character controlDC3 is missing<BR>
[20-Dec-2011 06:31:49] <B>Warning:</B> character controlDC4 is missing<BR>
[20-Dec-2011 06:31:49] <B>Warning:</B> character controlNAK is missing<BR>
[20-Dec-2011 06:31:49] <B>Warning:</B> character controlSYN is missing<BR>
[20-Dec-2011 06:31:49] <B>Warning:</B> character controlETB is missing<BR>
[20-Dec-2011 06:31:49] <B>Warning:</B> character controlCAN is missing<BR>
[20-Dec-2011 06:31:49] <B>Warning:</B> character controlEM is missing<BR>
[20-Dec-2011 06:31:49] <B>Warning:</B> character controlSUB is missing<BR>
[20-Dec-2011 06:31:49] <B>Warning:</B> character controlESC is missing<BR>
[20-Dec-2011 06:31:49] <B>Warning:</B> character controlFS is missing<BR>
[20-Dec-2011 06:31:49] <B>Warning:</B> character controlGS is missing<BR>
[20-Dec-2011 06:31:49] <B>Warning:</B> character controlRS is missing<BR>
[20-Dec-2011 06:31:49] <B>Warning:</B> character controlUS is missing<BR>
[20-Dec-2011 06:31:49] <B>Warning:</B> character controlDEL is missing<BR>
[20-Dec-2011 06:31:49] <B>Warning:</B> character u0080 is missing<BR>
[20-Dec-2011 06:31:49] <B>Warning:</B> character u0081 is missing<BR>
[20-Dec-2011 06:31:49] <B>Warning:</B> character u0082 is missing<BR>
[20-Dec-2011 06:31:49] <B>Warning:</B> character u0083 is missing<BR>
[20-Dec-2011 06:31:49] <B>Warning:</B> character u0084 is missing<BR>
[20-Dec-2011 06:31:49] <B>Warning:</B> character u0085 is missing<BR>
[20-Dec-2011 06:31:49] <B>Warning:</B> character u0086 is missing<BR>
[20-Dec-2011 06:31:49] <B>Warning:</B> character u0087 is missing<BR>
[20-Dec-2011 06:31:49] <B>Warning:</B> character u0088 is missing<BR>
[20-Dec-2011 06:31:49] <B>Warning:</B> character u0089 is missing<BR>
[20-Dec-2011 06:31:49] <B>Warning:</B> character u008A is missing<BR>
[20-Dec-2011 06:31:49] <B>Warning:</B> character u008B is missing<BR>
[20-Dec-2011 06:31:49] <B>Warning:</B> character u008C is missing<BR>
[20-Dec-2011 06:31:49] <B>Warning:</B> character u008D is missing<BR>
[20-Dec-2011 06:31:49] <B>Warning:</B> character u008E is missing<BR>
[20-Dec-2011 06:31:49] <B>Warning:</B> character u008F is missing<BR>
[20-Dec-2011 06:31:49] <B>Warning:</B> character u0090 is missing<BR>
[20-Dec-2011 06:31:49] <B>Warning:</B> character u0091 is missing<BR>
[20-Dec-2011 06:31:49] <B>Warning:</B> character u0092 is missing<BR>
[20-Dec-2011 06:31:49] <B>Warning:</B> character u0093 is missing<BR>
[20-Dec-2011 06:31:49] <B>Warning:</B> character u0094 is missing<BR>
[20-Dec-2011 06:31:49] <B>Warning:</B> character u0095 is missing<BR>
[20-Dec-2011 06:31:49] <B>Warning:</B> character u0096 is missing<BR>
[20-Dec-2011 06:31:49] <B>Warning:</B> character u0097 is missing<BR>
[20-Dec-2011 06:31:49] <B>Warning:</B> character u0098 is missing<BR>
[20-Dec-2011 06:31:49] <B>Warning:</B> character u0099 is missing<BR>
[20-Dec-2011 06:31:49] <B>Warning:</B> character u009A is missing<BR>
[20-Dec-2011 06:31:49] <B>Warning:</B> character u009B is missing<BR>
[20-Dec-2011 06:31:49] <B>Warning:</B> character u009C is missing<BR>
[20-Dec-2011 06:31:49] <B>Warning:</B> character u009D is missing<BR>
[20-Dec-2011 06:31:49] <B>Warning:</B> character u009E is missing<BR>
[20-Dec-2011 06:31:49] <B>Warning:</B> character u009F is missing<BR>
[20-Dec-2011 06:31:49] <B>Warning:</B> character nonbreakingspace is missing<BR>
[20-Dec-2011 06:31:49] <B>Warning:</B> character softhyphen is missing<BR>
[20-Dec-2011 06:31:49] <B>Warning:</B> character u0000 is missing<BR>
[20-Dec-2011 06:31:49] <B>Warning:</B> character controlSTX is missing<BR>
[20-Dec-2011 06:31:49] <B>Warning:</B> character controlSOT is missing<BR>
[20-Dec-2011 06:31:49] <B>Warning:</B> character controlETX is missing<BR>
[20-Dec-2011 06:31:49] <B>Warning:</B> character controlEOT is missing<BR>
[20-Dec-2011 06:31:49] <B>Warning:</B> character controlENQ is missing<BR>
[20-Dec-2011 06:31:49] <B>Warning:</B> character controlACK is missing<BR>
[20-Dec-2011 06:31:49] <B>Warning:</B> character controlBEL is missing<BR>
[20-Dec-2011 06:31:49] <B>Warning:</B> character controlBS is missing<BR>
[20-Dec-2011 06:31:49] <B>Warning:</B> character controlHT is missing<BR>
[20-Dec-2011 06:31:49] <B>Warning:</B> character controlLF is missing<BR>
[20-Dec-2011 06:31:49] <B>Warning:</B> character controlVT is missing<BR>
[20-Dec-2011 06:31:49] <B>Warning:</B> character controlFF is missing<BR>
[20-Dec-2011 06:31:49] <B>Warning:</B> character controlCR is missing<BR>
[20-Dec-2011 06:31:49] <B>Warning:</B> character controlSO is missing<BR>
[20-Dec-2011 06:31:49] <B>Warning:</B> character controlSI is missing<BR>
[20-Dec-2011 06:31:49] <B>Warning:</B> character controlDLE is missing<BR>
[20-Dec-2011 06:31:49] <B>Warning:</B> character controlDC1 is missing<BR>
[20-Dec-2011 06:31:49] <B>Warning:</B> character controlDC2 is missing<BR>
[20-Dec-2011 06:31:49] <B>Warning:</B> character controlDC3 is missing<BR>
[20-Dec-2011 06:31:49] <B>Warning:</B> character controlDC4 is missing<BR>
[20-Dec-2011 06:31:49] <B>Warning:</B> character controlNAK is missing<BR>
[20-Dec-2011 06:31:49] <B>Warning:</B> character controlSYN is missing<BR>
[20-Dec-2011 06:31:49] <B>Warning:</B> character controlETB is missing<BR>
[20-Dec-2011 06:31:49] <B>Warning:</B> character controlCAN is missing<BR>
[20-Dec-2011 06:31:49] <B>Warning:</B> character controlEM is missing<BR>
[20-Dec-2011 06:31:49] <B>Warning:</B> character controlSUB is missing<BR>
[20-Dec-2011 06:31:49] <B>Warning:</B> character controlESC is missing<BR>
[20-Dec-2011 06:31:49] <B>Warning:</B> character controlFS is missing<BR>
[20-Dec-2011 06:31:49] <B>Warning:</B> character controlGS is missing<BR>
[20-Dec-2011 06:31:49] <B>Warning:</B> character controlRS is missing<BR>
[20-Dec-2011 06:31:49] <B>Warning:</B> character controlUS is missing<BR>
[20-Dec-2011 06:31:49] <B>Warning:</B> character controlDEL is missing<BR>
[20-Dec-2011 06:31:49] <B>Warning:</B> character u0080 is missing<BR>
[20-Dec-2011 06:31:49] <B>Warning:</B> character u0081 is missing<BR>
[20-Dec-2011 06:31:49] <B>Warning:</B> character u0082 is missing<BR>
[20-Dec-2011 06:31:49] <B>Warning:</B> character u0083 is missing<BR>
[20-Dec-2011 06:31:49] <B>Warning:</B> character u0084 is missing<BR>
[20-Dec-2011 06:31:49] <B>Warning:</B> character u0085 is missing<BR>
[20-Dec-2011 06:31:49] <B>Warning:</B> character u0086 is missing<BR>
[20-Dec-2011 06:31:49] <B>Warning:</B> character u0087 is missing<BR>
[20-Dec-2011 06:31:49] <B>Warning:</B> character u0088 is missing<BR>
[20-Dec-2011 06:31:49] <B>Warning:</B> character u0089 is missing<BR>
[20-Dec-2011 06:31:49] <B>Warning:</B> character u008A is missing<BR>
[20-Dec-2011 06:31:49] <B>Warning:</B> character u008B is missing<BR>
[20-Dec-2011 06:31:49] <B>Warning:</B> character u008C is missing<BR>
[20-Dec-2011 06:31:49] <B>Warning:</B> character u008D is missing<BR>
[20-Dec-2011 06:31:49] <B>Warning:</B> character u008E is missing<BR>
[20-Dec-2011 06:31:49] <B>Warning:</B> character u008F is missing<BR>
[20-Dec-2011 06:31:49] <B>Warning:</B> character u0090 is missing<BR>
[20-Dec-2011 06:31:49] <B>Warning:</B> character u0091 is missing<BR>
[20-Dec-2011 06:31:49] <B>Warning:</B> character u0092 is missing<BR>
[20-Dec-2011 06:31:49] <B>Warning:</B> character u0093 is missing<BR>
[20-Dec-2011 06:31:49] <B>Warning:</B> character u0094 is missing<BR>
[20-Dec-2011 06:31:49] <B>Warning:</B> character u0095 is missing<BR>
[20-Dec-2011 06:31:49] <B>Warning:</B> character u0096 is missing<BR>
[20-Dec-2011 06:31:49] <B>Warning:</B> character u0097 is missing<BR>
[20-Dec-2011 06:31:49] <B>Warning:</B> character u0098 is missing<BR>
[20-Dec-2011 06:31:49] <B>Warning:</B> character u0099 is missing<BR>
[20-Dec-2011 06:31:49] <B>Warning:</B> character u009A is missing<BR>
[20-Dec-2011 06:31:49] <B>Warning:</B> character u009B is missing<BR>
[20-Dec-2011 06:31:49] <B>Warning:</B> character u009C is missing<BR>
[20-Dec-2011 06:31:49] <B>Warning:</B> character u009D is missing<BR>
[20-Dec-2011 06:31:49] <B>Warning:</B> character u009E is missing<BR>
[20-Dec-2011 06:31:49] <B>Warning:</B> character u009F is missing<BR>
[20-Dec-2011 06:31:49] <B>Warning:</B> character nonbreakingspace is missing<BR>
[20-Dec-2011 06:31:49] <B>Warning:</B> character softhyphen is missing<BR>
[20-Dec-2011 06:31:49] <B>Warning:</B> character u0000 is missing<BR>
[20-Dec-2011 06:31:49] <B>Warning:</B> character controlSTX is missing<BR>
[20-Dec-2011 06:31:49] <B>Warning:</B> character controlSOT is missing<BR>
[20-Dec-2011 06:31:49] <B>Warning:</B> character controlETX is missing<BR>
[20-Dec-2011 06:31:49] <B>Warning:</B> character controlEOT is missing<BR>
[20-Dec-2011 06:31:49] <B>Warning:</B> character controlENQ is missing<BR>
[20-Dec-2011 06:31:49] <B>Warning:</B> character controlACK is missing<BR>
[20-Dec-2011 06:31:49] <B>Warning:</B> character controlBEL is missing<BR>
[20-Dec-2011 06:31:49] <B>Warning:</B> character controlBS is missing<BR>
[20-Dec-2011 06:31:49] <B>Warning:</B> character controlHT is missing<BR>
[20-Dec-2011 06:31:49] <B>Warning:</B> character controlLF is missing<BR>
[20-Dec-2011 06:31:49] <B>Warning:</B> character controlVT is missing<BR>
[20-Dec-2011 06:31:49] <B>Warning:</B> character controlFF is missing<BR>
[20-Dec-2011 06:31:49] <B>Warning:</B> character controlCR is missing<BR>
[20-Dec-2011 06:31:49] <B>Warning:</B> character controlSO is missing<BR>
[20-Dec-2011 06:31:49] <B>Warning:</B> character controlSI is missing<BR>
[20-Dec-2011 06:31:49] <B>Warning:</B> character controlDLE is missing<BR>
[20-Dec-2011 06:31:49] <B>Warning:</B> character controlDC1 is missing<BR>
[20-Dec-2011 06:31:49] <B>Warning:</B> character controlDC2 is missing<BR>
[20-Dec-2011 06:31:49] <B>Warning:</B> character controlDC3 is missing<BR>
[20-Dec-2011 06:31:49] <B>Warning:</B> character controlDC4 is missing<BR>
[20-Dec-2011 06:31:49] <B>Warning:</B> character controlNAK is missing<BR>
[20-Dec-2011 06:31:49] <B>Warning:</B> character controlSYN is missing<BR>
[20-Dec-2011 06:31:49] <B>Warning:</B> character controlETB is missing<BR>
[20-Dec-2011 06:31:49] <B>Warning:</B> character controlCAN is missing<BR>
[20-Dec-2011 06:31:49] <B>Warning:</B> character controlEM is missing<BR>
[20-Dec-2011 06:31:49] <B>Warning:</B> character controlSUB is missing<BR>
[20-Dec-2011 06:31:49] <B>Warning:</B> character controlESC is missing<BR>
[20-Dec-2011 06:31:49] <B>Warning:</B> character controlFS is missing<BR>
[20-Dec-2011 06:31:49] <B>Warning:</B> character controlGS is missing<BR>
[20-Dec-2011 06:31:49] <B>Warning:</B> character controlRS is missing<BR>
[20-Dec-2011 06:31:49] <B>Warning:</B> character controlUS is missing<BR>
[20-Dec-2011 06:31:49] <B>Warning:</B> character controlDEL is missing<BR>
[20-Dec-2011 06:31:49] <B>Warning:</B> character u0080 is missing<BR>
[20-Dec-2011 06:31:49] <B>Warning:</B> character u0081 is missing<BR>
[20-Dec-2011 06:31:49] <B>Warning:</B> character u0082 is missing<BR>
[20-Dec-2011 06:31:49] <B>Warning:</B> character u0083 is missing<BR>
[20-Dec-2011 06:31:49] <B>Warning:</B> character u0084 is missing<BR>
[20-Dec-2011 06:31:49] <B>Warning:</B> character u0085 is missing<BR>
[20-Dec-2011 06:31:49] <B>Warning:</B> character u0086 is missing<BR>
[20-Dec-2011 06:31:49] <B>Warning:</B> character u0087 is missing<BR>
[20-Dec-2011 06:31:49] <B>Warning:</B> character u0088 is missing<BR>
[20-Dec-2011 06:31:49] <B>Warning:</B> character u0089 is missing<BR>
[20-Dec-2011 06:31:49] <B>Warning:</B> character u008A is missing<BR>
[20-Dec-2011 06:31:49] <B>Warning:</B> character u008B is missing<BR>
[20-Dec-2011 06:31:49] <B>Warning:</B> character u008C is missing<BR>
[20-Dec-2011 06:31:49] <B>Warning:</B> character u008D is missing<BR>
[20-Dec-2011 06:31:49] <B>Warning:</B> character u008E is missing<BR>
[20-Dec-2011 06:31:49] <B>Warning:</B> character u008F is missing<BR>
[20-Dec-2011 06:31:49] <B>Warning:</B> character u0090 is missing<BR>
[20-Dec-2011 06:31:49] <B>Warning:</B> character u0091 is missing<BR>
[20-Dec-2011 06:31:49] <B>Warning:</B> character u0092 is missing<BR>
[20-Dec-2011 06:31:49] <B>Warning:</B> character u0093 is missing<BR>
[20-Dec-2011 06:31:49] <B>Warning:</B> character u0094 is missing<BR>
[20-Dec-2011 06:31:49] <B>Warning:</B> character u0095 is missing<BR>
[20-Dec-2011 06:31:49] <B>Warning:</B> character u0096 is missing<BR>
[20-Dec-2011 06:31:49] <B>Warning:</B> character u0097 is missing<BR>
[20-Dec-2011 06:31:49] <B>Warning:</B> character u0098 is missing<BR>
[20-Dec-2011 06:31:49] <B>Warning:</B> character u0099 is missing<BR>
[20-Dec-2011 06:31:49] <B>Warning:</B> character u009A is missing<BR>
[20-Dec-2011 06:31:49] <B>Warning:</B> character u009B is missing<BR>
[20-Dec-2011 06:31:49] <B>Warning:</B> character u009C is missing<BR>
[20-Dec-2011 06:31:49] <B>Warning:</B> character u009D is missing<BR>
[20-Dec-2011 06:31:49] <B>Warning:</B> character u009E is missing<BR>
[20-Dec-2011 06:31:49] <B>Warning:</B> character u009F is missing<BR>
[20-Dec-2011 06:31:49] <B>Warning:</B> character nonbreakingspace is missing<BR>
[20-Dec-2011 06:31:49] <B>Warning:</B> character softhyphen is missing<BR>
[20-Dec-2011 06:31:50] <B>Warning:</B> character u0000 is missing<BR>
[20-Dec-2011 06:31:50] <B>Warning:</B> character controlSTX is missing<BR>
[20-Dec-2011 06:31:50] <B>Warning:</B> character controlSOT is missing<BR>
[20-Dec-2011 06:31:50] <B>Warning:</B> character controlETX is missing<BR>
[20-Dec-2011 06:31:50] <B>Warning:</B> character controlEOT is missing<BR>
[20-Dec-2011 06:31:50] <B>Warning:</B> character controlENQ is missing<BR>
[20-Dec-2011 06:31:50] <B>Warning:</B> character controlACK is missing<BR>
[20-Dec-2011 06:31:50] <B>Warning:</B> character controlBEL is missing<BR>
[20-Dec-2011 06:31:50] <B>Warning:</B> character controlBS is missing<BR>
[20-Dec-2011 06:31:50] <B>Warning:</B> character controlHT is missing<BR>
[20-Dec-2011 06:31:50] <B>Warning:</B> character controlLF is missing<BR>
[20-Dec-2011 06:31:50] <B>Warning:</B> character controlVT is missing<BR>
[20-Dec-2011 06:31:50] <B>Warning:</B> character controlFF is missing<BR>
[20-Dec-2011 06:31:50] <B>Warning:</B> character controlCR is missing<BR>
[20-Dec-2011 06:31:50] <B>Warning:</B> character controlSO is missing<BR>
[20-Dec-2011 06:31:50] <B>Warning:</B> character controlSI is missing<BR>
[20-Dec-2011 06:31:50] <B>Warning:</B> character controlDLE is missing<BR>
[20-Dec-2011 06:31:50] <B>Warning:</B> character controlDC1 is missing<BR>
[20-Dec-2011 06:31:50] <B>Warning:</B> character controlDC2 is missing<BR>
[20-Dec-2011 06:31:50] <B>Warning:</B> character controlDC3 is missing<BR>
[20-Dec-2011 06:31:50] <B>Warning:</B> character controlDC4 is missing<BR>
[20-Dec-2011 06:31:50] <B>Warning:</B> character controlNAK is missing<BR>
[20-Dec-2011 06:31:50] <B>Warning:</B> character controlSYN is missing<BR>
[20-Dec-2011 06:31:50] <B>Warning:</B> character controlETB is missing<BR>
[20-Dec-2011 06:31:50] <B>Warning:</B> character controlCAN is missing<BR>
[20-Dec-2011 06:31:50] <B>Warning:</B> character controlEM is missing<BR>
[20-Dec-2011 06:31:50] <B>Warning:</B> character controlSUB is missing<BR>
[20-Dec-2011 06:31:50] <B>Warning:</B> character controlESC is missing<BR>
[20-Dec-2011 06:31:50] <B>Warning:</B> character controlFS is missing<BR>
[20-Dec-2011 06:31:50] <B>Warning:</B> character controlGS is missing<BR>
[20-Dec-2011 06:31:50] <B>Warning:</B> character controlRS is missing<BR>
[20-Dec-2011 06:31:50] <B>Warning:</B> character controlUS is missing<BR>
[20-Dec-2011 06:31:50] <B>Warning:</B> character controlDEL is missing<BR>
[20-Dec-2011 06:31:50] <B>Warning:</B> character u0080 is missing<BR>
[20-Dec-2011 06:31:50] <B>Warning:</B> character u0081 is missing<BR>
[20-Dec-2011 06:31:50] <B>Warning:</B> character u0082 is missing<BR>
[20-Dec-2011 06:31:50] <B>Warning:</B> character u0083 is missing<BR>
[20-Dec-2011 06:31:50] <B>Warning:</B> character u0084 is missing<BR>
[20-Dec-2011 06:31:50] <B>Warning:</B> character u0085 is missing<BR>
[20-Dec-2011 06:31:50] <B>Warning:</B> character u0086 is missing<BR>
[20-Dec-2011 06:31:50] <B>Warning:</B> character u0087 is missing<BR>
[20-Dec-2011 06:31:50] <B>Warning:</B> character u0088 is missing<BR>
[20-Dec-2011 06:31:50] <B>Warning:</B> character u0089 is missing<BR>
[20-Dec-2011 06:31:50] <B>Warning:</B> character u008A is missing<BR>
[20-Dec-2011 06:31:50] <B>Warning:</B> character u008B is missing<BR>
[20-Dec-2011 06:31:50] <B>Warning:</B> character u008C is missing<BR>
[20-Dec-2011 06:31:50] <B>Warning:</B> character u008D is missing<BR>
[20-Dec-2011 06:31:50] <B>Warning:</B> character u008E is missing<BR>
[20-Dec-2011 06:31:50] <B>Warning:</B> character u008F is missing<BR>
[20-Dec-2011 06:31:50] <B>Warning:</B> character u0090 is missing<BR>
[20-Dec-2011 06:31:50] <B>Warning:</B> character u0091 is missing<BR>
[20-Dec-2011 06:31:50] <B>Warning:</B> character u0092 is missing<BR>
[20-Dec-2011 06:31:50] <B>Warning:</B> character u0093 is missing<BR>
[20-Dec-2011 06:31:50] <B>Warning:</B> character u0094 is missing<BR>
[20-Dec-2011 06:31:50] <B>Warning:</B> character u0095 is missing<BR>
[20-Dec-2011 06:31:50] <B>Warning:</B> character u0096 is missing<BR>
[20-Dec-2011 06:31:50] <B>Warning:</B> character u0097 is missing<BR>
[20-Dec-2011 06:31:50] <B>Warning:</B> character u0098 is missing<BR>
[20-Dec-2011 06:31:50] <B>Warning:</B> character u0099 is missing<BR>
[20-Dec-2011 06:31:50] <B>Warning:</B> character u009A is missing<BR>
[20-Dec-2011 06:31:50] <B>Warning:</B> character u009B is missing<BR>
[20-Dec-2011 06:31:50] <B>Warning:</B> character u009C is missing<BR>
[20-Dec-2011 06:31:50] <B>Warning:</B> character u009D is missing<BR>
[20-Dec-2011 06:31:50] <B>Warning:</B> character u009E is missing<BR>
[20-Dec-2011 06:31:50] <B>Warning:</B> character u009F is missing<BR>
[20-Dec-2011 06:31:50] <B>Warning:</B> character nonbreakingspace is missing<BR>
[20-Dec-2011 06:31:50] <B>Warning:</B> character softhyphen is missing<BR>
[20-Dec-2011 07:08:44] inventory  1
[26-Dec-2011 03:53:35] NOTEMPLATE!!!
[26-Dec-2011 03:55:00] inventory  0
[29-Dec-2011 03:40:18] NOTEMPLATE!!!
[03-Jan-2012 02:54:17] NOTEMPLATE!!!
[03-Jan-2012 17:48:07] Cannot open 
[03-Jan-2012 18:59:17] NOTEMPLATE!!!
[03-Jan-2012 19:14:29] Cannot open 
[03-Jan-2012 19:19:12] Cannot open 
[03-Jan-2012 19:19:51] Cannot open 
[04-Jan-2012 00:41:44] NOTEMPLATE!!!
[20-Jan-2012 16:33:29] Cannot open 
[14-Nov-2012 23:31:23] Cannot open 
[15-Nov-2012 00:31:51] Cannot open 
[15-Nov-2012 00:37:28] Cannot open 
[15-Nov-2012 00:39:26] Cannot open 
[15-Nov-2012 00:41:09] Cannot open 
[19-Nov-2012 16:01:35] Cannot open 
