2011-12-20T06:16:30+00:00 INFO (6): Max Invoice: 
2011-12-20T06:19:27+00:00 INFO (6): Max Invoice: 
2011-12-20T06:20:25+00:00 INFO (6): Max Invoice: 
2011-12-20T06:20:31+00:00 INFO (6): Max Invoice: 
2011-12-20T06:20:33+00:00 INFO (6): Max Invoice: 
2011-12-20T06:20:38+00:00 INFO (6): Max Invoice: 
2011-12-20T06:21:16+00:00 INFO (6): Max Invoice: 
2011-12-20T06:22:04+00:00 INFO (6): Max Invoice: 
2011-12-20T06:22:06+00:00 INFO (6): Max Invoice: 
2011-12-20T06:22:07+00:00 INFO (6): Max Invoice: 
2011-12-20T06:22:10+00:00 INFO (6): Max Invoice: 
2011-12-20T06:22:18+00:00 INFO (6): Max Invoice: 
2011-12-20T06:22:28+00:00 INFO (6): Max Invoice: 
2011-12-20T06:23:10+00:00 INFO (6): Max Invoice: 
2011-12-20T06:23:13+00:00 INFO (6): Max Invoice: 
2011-12-20T06:23:13+00:00 INFO (6): Max Invoice: 
2011-12-20T06:23:16+00:00 INFO (6): Max Invoice: 
2011-12-20T06:23:19+00:00 INFO (6): Max Invoice: 
2011-12-20T06:23:22+00:00 INFO (6): Max Invoice: 
2011-12-20T06:23:54+00:00 INFO (6): Max Invoice: 
2011-12-20T06:24:11+00:00 INFO (6): Max Invoice: 
2011-12-20T06:24:13+00:00 INFO (6): Max Invoice: 
2011-12-20T06:24:14+00:00 INFO (6): Max Invoice: 
2011-12-20T06:24:20+00:00 INFO (6): Max Invoice: 
2011-12-20T06:26:22+00:00 INFO (6): Max Invoice: 
2011-12-20T06:26:28+00:00 INFO (6): Max Invoice: 
2011-12-20T06:26:42+00:00 INFO (6): Max Invoice: 
2011-12-20T06:26:48+00:00 INFO (6): Max Invoice: 
2011-12-20T06:26:56+00:00 INFO (6): Max Invoice: 
2011-12-20T06:26:57+00:00 INFO (6): Max Invoice: 
2011-12-20T06:27:00+00:00 INFO (6): Max Invoice: 
2011-12-20T06:27:19+00:00 INFO (6): Max Invoice: 
2011-12-20T06:27:21+00:00 INFO (6): Max Invoice: 
2011-12-20T06:27:22+00:00 INFO (6): Max Invoice: 
2011-12-20T06:27:25+00:00 INFO (6): Max Invoice: 
2011-12-20T06:27:35+00:00 INFO (6): Max Invoice: 
2011-12-20T06:28:04+00:00 INFO (6): Max Invoice: 
2011-12-20T06:28:06+00:00 INFO (6): Max Invoice: 
2011-12-20T06:28:07+00:00 INFO (6): Max Invoice: 
2011-12-20T06:28:07+00:00 INFO (6): Max Invoice: 
2011-12-20T06:28:14+00:00 INFO (6): Max Invoice: 
2011-12-20T06:28:19+00:00 INFO (6): Max Invoice: 
2011-12-20T06:28:20+00:00 INFO (6): Max Invoice: 
2011-12-20T06:28:28+00:00 INFO (6): Max Invoice: 
2011-12-20T06:29:41+00:00 INFO (6): Max Invoice: 
2011-12-20T06:29:48+00:00 INFO (6): Max Invoice: 
2011-12-20T06:29:52+00:00 INFO (6): Max Invoice: 
2011-12-20T06:29:54+00:00 INFO (6): Max Invoice: 
2011-12-20T06:29:54+00:00 INFO (6): Itemised invoice created
2011-12-20T06:30:01+00:00 INFO (6): Max Invoice: 
2011-12-20T06:30:05+00:00 INFO (6): Max Invoice: 
2011-12-20T06:30:05+00:00 INFO (6): Itemised invoice created
2011-12-20T06:30:07+00:00 INFO (6): Max Invoice: 
2011-12-20T06:30:15+00:00 INFO (6): Max Invoice: 
2011-12-20T06:30:15+00:00 INFO (6): Itemised invoice created
2011-12-20T06:30:31+00:00 INFO (6): Max Invoice: 
2011-12-20T06:30:54+00:00 INFO (6): Max Invoice: 
2011-12-20T06:31:14+00:00 INFO (6): Max Invoice: 
2011-12-20T06:31:14+00:00 INFO (6): Max items:4
2011-12-20T06:31:14+00:00 INFO (6): i=0
2011-12-20T06:31:14+00:00 INFO (6): qty=5
2011-12-20T06:31:14+00:00 INFO (6): Key: 0 Value: 
2011-12-20T06:31:14+00:00 INFO (6): tax rate: 
2011-12-20T06:31:14+00:00 INFO (6):  
2011-12-20T06:31:14+00:00 INFO (6):  
2011-12-20T06:31:14+00:00 INFO (6): Invoice: 1 Tax Array for line item 0: 0
2011-12-20T06:31:14+00:00 INFO (6): Description: Description
2011-12-20T06:31:14+00:00 INFO (6):  
2011-12-20T06:31:14+00:00 INFO (6): i=1
2011-12-20T06:31:14+00:00 INFO (6): qty=
2011-12-20T06:31:14+00:00 INFO (6): i=2
2011-12-20T06:31:14+00:00 INFO (6): qty=
2011-12-20T06:31:14+00:00 INFO (6): i=3
2011-12-20T06:31:14+00:00 INFO (6): qty=
2011-12-20T06:31:14+00:00 INFO (6): i=4
2011-12-20T06:31:14+00:00 INFO (6): qty=
2011-12-20T06:31:17+00:00 INFO (6): Max Invoice: 1
2011-12-20T06:31:17+00:00 INFO (6): eway pre check: false
2011-12-20T06:31:47+00:00 INFO (6): Max Invoice: 1
2011-12-20T06:33:00+00:00 INFO (6): Max Invoice: 1
2011-12-20T06:33:01+00:00 INFO (6): Max Invoice: 1
2011-12-20T06:33:04+00:00 INFO (6): Max Invoice: 1
2011-12-20T06:54:36+00:00 INFO (6): Max Invoice: 1
2011-12-20T06:54:38+00:00 INFO (6): Max Invoice: 1
2011-12-20T06:55:04+00:00 INFO (6): Max Invoice: 1
2011-12-20T06:55:05+00:00 INFO (6): Max Invoice: 1
2011-12-20T06:55:07+00:00 INFO (6): Max Invoice: 1
2011-12-20T06:55:08+00:00 INFO (6): Max Invoice: 1
2011-12-20T06:55:09+00:00 INFO (6): Max Invoice: 1
2011-12-20T06:55:10+00:00 INFO (6): Max Invoice: 1
2011-12-20T06:55:12+00:00 INFO (6): Max Invoice: 1
2011-12-20T06:55:13+00:00 INFO (6): Max Invoice: 1
2011-12-20T06:55:16+00:00 INFO (6): Max Invoice: 1
2011-12-20T06:55:16+00:00 INFO (6): Itemised invoice created
2011-12-20T06:55:34+00:00 INFO (6): Max Invoice: 1
2011-12-20T06:55:46+00:00 INFO (6): Max Invoice: 1
2011-12-20T06:55:46+00:00 INFO (6): Itemised invoice created
2011-12-20T06:56:13+00:00 INFO (6): Max Invoice: 1
2011-12-20T06:56:45+00:00 INFO (6): Max Invoice: 1
2011-12-20T06:57:14+00:00 INFO (6): Max Invoice: 1
2011-12-20T06:57:14+00:00 INFO (6): Max items:4
2011-12-20T06:57:14+00:00 INFO (6): i=0
2011-12-20T06:57:14+00:00 INFO (6): qty=8
2011-12-20T06:57:14+00:00 INFO (6):  
2011-12-20T06:57:14+00:00 INFO (6):  
2011-12-20T06:57:14+00:00 INFO (6): Invoice: 2 Tax  for line item 0: 
2011-12-20T06:57:14+00:00 INFO (6): Description: Description
2011-12-20T06:57:14+00:00 INFO (6):  
2011-12-20T06:57:14+00:00 INFO (6): i=1
2011-12-20T06:57:14+00:00 INFO (6): qty=
2011-12-20T06:57:14+00:00 INFO (6): i=2
2011-12-20T06:57:14+00:00 INFO (6): qty=
2011-12-20T06:57:14+00:00 INFO (6): i=3
2011-12-20T06:57:14+00:00 INFO (6): qty=
2011-12-20T06:57:14+00:00 INFO (6): i=4
2011-12-20T06:57:14+00:00 INFO (6): qty=
2011-12-20T06:57:17+00:00 INFO (6): Max Invoice: 2
2011-12-20T06:57:17+00:00 INFO (6): eway pre check: false
2011-12-20T06:57:46+00:00 INFO (6): Max Invoice: 2
2011-12-20T06:57:59+00:00 INFO (6): Max Invoice: 2
2011-12-20T06:58:25+00:00 INFO (6): Max Invoice: 2
2011-12-20T06:58:40+00:00 INFO (6): Max Invoice: 2
2011-12-20T06:58:49+00:00 INFO (6): Max Invoice: 2
2011-12-20T06:59:05+00:00 INFO (6): Max Invoice: 2
2011-12-20T06:59:06+00:00 INFO (6): Max Invoice: 2
2011-12-20T07:01:42+00:00 INFO (6): Max Invoice: 2
2011-12-20T07:04:10+00:00 INFO (6): Max Invoice: 2
2011-12-20T07:04:17+00:00 INFO (6): Max Invoice: 2
2011-12-20T07:04:20+00:00 INFO (6): Max Invoice: 2
2011-12-20T07:04:34+00:00 INFO (6): Max Invoice: 2
2011-12-20T07:04:53+00:00 INFO (6): Max Invoice: 2
2011-12-20T07:05:23+00:00 INFO (6): Max Invoice: 2
2011-12-20T07:05:24+00:00 INFO (6): Max Invoice: 2
2011-12-20T07:05:31+00:00 INFO (6): Max Invoice: 2
2011-12-20T07:05:36+00:00 INFO (6): Max Invoice: 2
2011-12-20T07:05:41+00:00 INFO (6): Max Invoice: 2
2011-12-20T07:05:43+00:00 INFO (6): Max Invoice: 2
2011-12-20T07:05:48+00:00 INFO (6): Max Invoice: 2
2011-12-20T07:05:51+00:00 INFO (6): Max Invoice: 2
2011-12-20T07:05:52+00:00 INFO (6): Max Invoice: 2
2011-12-20T07:05:55+00:00 INFO (6): Max Invoice: 2
2011-12-20T07:05:59+00:00 INFO (6): Max Invoice: 2
2011-12-20T07:06:00+00:00 INFO (6): Max Invoice: 2
2011-12-20T07:06:51+00:00 INFO (6): Max Invoice: 2
2011-12-20T07:06:52+00:00 INFO (6): Max Invoice: 2
2011-12-20T07:07:09+00:00 INFO (6): Max Invoice: 2
2011-12-20T07:07:28+00:00 INFO (6): Max Invoice: 2
2011-12-20T07:07:48+00:00 INFO (6): Max Invoice: 2
2011-12-20T07:08:14+00:00 INFO (6): Max Invoice: 2
2011-12-20T07:08:37+00:00 INFO (6): Max Invoice: 2
2011-12-20T07:08:44+00:00 INFO (6): Max Invoice: 2
2011-12-20T07:08:47+00:00 INFO (6): Max Invoice: 2
2011-12-20T07:08:53+00:00 INFO (6): Max Invoice: 2
2011-12-20T07:09:02+00:00 INFO (6): Max Invoice: 2
2011-12-20T07:09:10+00:00 INFO (6): Max Invoice: 2
2011-12-20T07:09:22+00:00 INFO (6): Max Invoice: 2
2011-12-20T07:09:24+00:00 INFO (6): Max Invoice: 2
2011-12-20T07:09:25+00:00 INFO (6): Max Invoice: 2
2011-12-20T07:09:35+00:00 INFO (6): Max Invoice: 2
2011-12-20T07:09:39+00:00 INFO (6): Max Invoice: 2
2011-12-20T07:09:45+00:00 INFO (6): Max Invoice: 2
2011-12-20T07:09:48+00:00 INFO (6): Max Invoice: 2
2011-12-20T07:09:49+00:00 INFO (6): Max Invoice: 2
2011-12-26T03:46:39+00:00 INFO (6): Max Invoice: 2
2011-12-26T03:46:41+00:00 INFO (6): Max Invoice: 2
2011-12-26T03:53:35+00:00 INFO (6): Max Invoice: 2
2011-12-26T03:53:56+00:00 INFO (6): Max Invoice: 2
2011-12-26T03:53:59+00:00 INFO (6): Max Invoice: 2
2011-12-26T03:54:33+00:00 INFO (6): Max Invoice: 2
2011-12-26T03:54:34+00:00 INFO (6): Max Invoice: 2
2011-12-26T03:54:41+00:00 INFO (6): Max Invoice: 2
2011-12-26T03:54:48+00:00 INFO (6): Max Invoice: 2
2011-12-26T03:54:55+00:00 INFO (6): Max Invoice: 2
2011-12-26T03:55:00+00:00 INFO (6): Max Invoice: 2
2011-12-26T03:55:02+00:00 INFO (6): Max Invoice: 2
2011-12-26T03:55:23+00:00 INFO (6): Max Invoice: 2
2011-12-26T03:55:24+00:00 INFO (6): Max Invoice: 2
2011-12-26T03:55:57+00:00 INFO (6): Max Invoice: 2
2011-12-26T03:57:18+00:00 INFO (6): Max Invoice: 2
2011-12-26T03:57:47+00:00 INFO (6): Max Invoice: 2
2011-12-26T03:57:49+00:00 INFO (6): Max Invoice: 2
2011-12-26T03:57:50+00:00 INFO (6): Max Invoice: 2
2011-12-26T05:10:37+00:00 INFO (6): Max Invoice: 2
2011-12-26T05:10:40+00:00 INFO (6): Max Invoice: 2
2011-12-26T05:10:51+00:00 INFO (6): Max Invoice: 2
2011-12-26T05:10:51+00:00 INFO (6): Itemised invoice created
2011-12-26T05:11:49+00:00 INFO (6): Max Invoice: 2
2011-12-26T05:11:57+00:00 INFO (6): Max Invoice: 2
2011-12-26T05:12:03+00:00 INFO (6): Max Invoice: 2
2011-12-26T05:12:24+00:00 INFO (6): Max Invoice: 2
2011-12-26T05:12:24+00:00 INFO (6): Itemised invoice created
2011-12-26T05:12:59+00:00 INFO (6): Max Invoice: 2
2011-12-26T05:15:19+00:00 INFO (6): Max Invoice: 2
2011-12-26T05:18:08+00:00 INFO (6): Max Invoice: 2
2011-12-26T05:18:30+00:00 INFO (6): Max Invoice: 2
2011-12-26T05:18:30+00:00 INFO (6): Itemised invoice created
2011-12-26T05:18:38+00:00 INFO (6): Max Invoice: 2
2011-12-26T05:18:58+00:00 INFO (6): Max Invoice: 2
2011-12-29T03:30:19+00:00 INFO (6): Max Invoice: 2
2011-12-29T03:30:20+00:00 INFO (6): Max Invoice: 2
2011-12-29T03:30:43+00:00 INFO (6): Max Invoice: 2
2011-12-29T03:32:29+00:00 INFO (6): Max Invoice: 2
2011-12-29T03:32:44+00:00 INFO (6): Max Invoice: 2
2011-12-29T03:32:49+00:00 INFO (6): Max Invoice: 2
2011-12-29T03:32:50+00:00 INFO (6): Max Invoice: 2
2011-12-29T03:33:12+00:00 INFO (6): Max Invoice: 2
2011-12-29T03:33:25+00:00 INFO (6): Max Invoice: 2
2011-12-29T03:33:26+00:00 INFO (6): Max Invoice: 2
2011-12-29T03:33:32+00:00 INFO (6): Max Invoice: 2
2011-12-29T03:33:32+00:00 INFO (6): Max Invoice: 2
2011-12-29T03:33:37+00:00 INFO (6): Max Invoice: 2
2011-12-29T03:33:38+00:00 INFO (6): Max Invoice: 2
2011-12-29T03:33:43+00:00 INFO (6): Max Invoice: 2
2011-12-29T03:33:58+00:00 INFO (6): Max Invoice: 2
2011-12-29T03:34:04+00:00 INFO (6): Max Invoice: 2
2011-12-29T03:34:05+00:00 INFO (6): Max Invoice: 2
2011-12-29T03:34:17+00:00 INFO (6): Max Invoice: 2
2011-12-29T03:34:17+00:00 INFO (6): Max Invoice: 2
2011-12-29T03:34:21+00:00 INFO (6): Max Invoice: 2
2011-12-29T03:34:30+00:00 INFO (6): Max Invoice: 2
2011-12-29T03:34:48+00:00 INFO (6): Max Invoice: 2
2011-12-29T03:34:53+00:00 INFO (6): Max Invoice: 2
2011-12-29T03:34:53+00:00 INFO (6): Max Invoice: 2
2011-12-29T03:35:03+00:00 INFO (6): Max Invoice: 2
2011-12-29T03:35:29+00:00 INFO (6): Max Invoice: 2
2011-12-29T03:35:34+00:00 INFO (6): Max Invoice: 2
2011-12-29T03:38:23+00:00 INFO (6): Max Invoice: 2
2011-12-29T03:38:23+00:00 INFO (6): Max Invoice: 2
2011-12-29T03:39:57+00:00 INFO (6): Max Invoice: 2
2011-12-29T03:39:58+00:00 INFO (6): Max Invoice: 2
2011-12-29T03:40:18+00:00 INFO (6): Max Invoice: 2
2011-12-31T00:35:19+00:00 INFO (6): Max Invoice: 2
2011-12-31T00:35:20+00:00 INFO (6): Max Invoice: 2
2011-12-31T00:35:53+00:00 INFO (6): Max Invoice: 2
2011-12-31T00:35:53+00:00 INFO (6): eway pre check: false
2011-12-31T00:36:16+00:00 INFO (6): Max Invoice: 2
2011-12-31T00:36:17+00:00 INFO (6): Max Invoice: 2
2011-12-31T00:36:23+00:00 INFO (6): Max Invoice: 2
2011-12-31T00:36:25+00:00 INFO (6): Max Invoice: 2
2011-12-31T00:36:30+00:00 INFO (6): Max Invoice: 2
2011-12-31T00:36:34+00:00 INFO (6): Max Invoice: 2
2011-12-31T00:36:34+00:00 INFO (6): Itemised invoice created
2012-01-02T20:45:14+00:00 INFO (6): Max Invoice: 2
2012-01-02T20:45:17+00:00 INFO (6): Max Invoice: 2
2012-01-02T20:45:53+00:00 INFO (6): Max Invoice: 2
2012-01-02T20:45:54+00:00 INFO (6): Max Invoice: 2
2012-01-03T01:24:54+00:00 INFO (6): Max Invoice: 2
2012-01-03T01:24:56+00:00 INFO (6): Max Invoice: 2
2012-01-03T02:32:47+00:00 INFO (6): Max Invoice: 2
2012-01-03T02:32:48+00:00 INFO (6): Max Invoice: 2
2012-01-03T02:33:07+00:00 INFO (6): Max Invoice: 2
2012-01-03T02:33:51+00:00 INFO (6): Max Invoice: 2
2012-01-03T02:33:52+00:00 INFO (6): Max Invoice: 2
2012-01-03T02:34:13+00:00 INFO (6): Max Invoice: 2
2012-01-03T02:34:27+00:00 INFO (6): Max Invoice: 2
2012-01-03T02:34:28+00:00 INFO (6): Max Invoice: 2
2012-01-03T02:34:57+00:00 INFO (6): Max Invoice: 2
2012-01-03T02:35:14+00:00 INFO (6): Max Invoice: 2
2012-01-03T02:35:15+00:00 INFO (6): Max Invoice: 2
2012-01-03T02:35:42+00:00 INFO (6): Max Invoice: 2
2012-01-03T02:36:28+00:00 INFO (6): Max Invoice: 2
2012-01-03T02:36:29+00:00 INFO (6): Max Invoice: 2
2012-01-03T02:36:39+00:00 INFO (6): Max Invoice: 2
2012-01-03T02:36:54+00:00 INFO (6): Max Invoice: 2
2012-01-03T02:36:55+00:00 INFO (6): Max Invoice: 2
2012-01-03T02:37:13+00:00 INFO (6): Max Invoice: 2
2012-01-03T02:37:53+00:00 INFO (6): Max Invoice: 2
2012-01-03T02:37:53+00:00 INFO (6): eway pre check: false
2012-01-03T02:38:21+00:00 INFO (6): Max Invoice: 2
2012-01-03T02:38:22+00:00 INFO (6): Max Invoice: 2
2012-01-03T02:39:05+00:00 INFO (6): Max Invoice: 2
2012-01-03T02:39:05+00:00 INFO (6): Max Invoice: 2
2012-01-03T02:39:10+00:00 INFO (6): Max Invoice: 2
2012-01-03T02:39:11+00:00 INFO (6): Max Invoice: 2
2012-01-03T02:39:15+00:00 INFO (6): Max Invoice: 2
2012-01-03T02:39:16+00:00 INFO (6): Max Invoice: 2
2012-01-03T02:39:19+00:00 INFO (6): Max Invoice: 2
2012-01-03T02:39:20+00:00 INFO (6): Max Invoice: 2
2012-01-03T02:40:18+00:00 INFO (6): Max Invoice: 2
2012-01-03T02:40:19+00:00 INFO (6): eway pre check: false
2012-01-03T02:40:52+00:00 INFO (6): Max Invoice: 2
2012-01-03T02:41:24+00:00 INFO (6): Max Invoice: 2
2012-01-03T02:41:24+00:00 INFO (6): Max items:0
2012-01-03T02:41:24+00:00 INFO (6): i=0
2012-01-03T02:41:24+00:00 INFO (6): qty=8.00
2012-01-03T02:41:24+00:00 INFO (6): product=1
2012-01-03T02:41:24+00:00 INFO (6): Key: 0 Value: 
2012-01-03T02:41:24+00:00 INFO (6): tax rate: 
2012-01-03T02:41:24+00:00 INFO (6): Invoice:  Tax Array for line item 0: 0
2012-01-03T02:41:24+00:00 INFO (6): Description: 
2012-01-03T02:41:24+00:00 INFO (6):  
2012-01-03T02:41:24+00:00 INFO (6): Invoice item: 7 tax lines deleted
2012-01-03T02:41:26+00:00 INFO (6): Max Invoice: 2
2012-01-03T02:41:26+00:00 INFO (6): eway pre check: false
2012-01-03T02:42:10+00:00 INFO (6): Max Invoice: 2
2012-01-03T02:42:19+00:00 INFO (6): Max Invoice: 2
2012-01-03T02:42:23+00:00 INFO (6): Max Invoice: 2
2012-01-03T02:42:35+00:00 INFO (6): Max Invoice: 2
2012-01-03T02:42:35+00:00 INFO (6): Itemised invoice created
2012-01-03T02:42:53+00:00 INFO (6): Max Invoice: 2
2012-01-03T02:43:34+00:00 INFO (6): Max Invoice: 2
2012-01-03T02:43:34+00:00 INFO (6): Max Invoice: 2
2012-01-03T02:44:45+00:00 INFO (6): Max Invoice: 2
2012-01-03T02:45:35+00:00 INFO (6): Max Invoice: 2
2012-01-03T02:45:35+00:00 INFO (6): Max items:0
2012-01-03T02:45:35+00:00 INFO (6): i=0
2012-01-03T02:45:35+00:00 INFO (6): qty=8.00
2012-01-03T02:45:35+00:00 INFO (6): product=1
2012-01-03T02:45:35+00:00 INFO (6): Key: 0 Value: 
2012-01-03T02:45:35+00:00 INFO (6): tax rate: 
2012-01-03T02:45:35+00:00 INFO (6): Invoice:  Tax Array for line item 0: 0
2012-01-03T02:45:35+00:00 INFO (6): Description: 
2012-01-03T02:45:35+00:00 INFO (6):  
2012-01-03T02:45:35+00:00 INFO (6): Invoice item: 7 tax lines deleted
2012-01-03T02:45:37+00:00 INFO (6): Max Invoice: 2
2012-01-03T02:45:37+00:00 INFO (6): eway pre check: false
2012-01-03T02:45:58+00:00 INFO (6): Max Invoice: 2
2012-01-03T02:46:39+00:00 INFO (6): Max Invoice: 2
2012-01-03T02:46:39+00:00 INFO (6): eway pre check: false
2012-01-03T02:46:52+00:00 INFO (6): Max Invoice: 2
2012-01-03T02:46:52+00:00 INFO (6): Max Invoice: 2
2012-01-03T02:46:58+00:00 INFO (6): Max Invoice: 2
2012-01-03T02:47:35+00:00 INFO (6): Max Invoice: 2
2012-01-03T02:47:36+00:00 INFO (6): Max Invoice: 2
2012-01-03T02:47:53+00:00 INFO (6): Max Invoice: 2
2012-01-03T02:48:04+00:00 INFO (6): Max Invoice: 2
2012-01-03T02:48:11+00:00 INFO (6): Max Invoice: 2
2012-01-03T02:48:12+00:00 INFO (6): Max Invoice: 2
2012-01-03T02:49:21+00:00 INFO (6): Max Invoice: 2
2012-01-03T02:50:04+00:00 INFO (6): Max Invoice: 2
2012-01-03T02:50:29+00:00 INFO (6): Max Invoice: 2
2012-01-03T02:50:30+00:00 INFO (6): Max Invoice: 2
2012-01-03T02:50:31+00:00 INFO (6): Max Invoice: 2
2012-01-03T02:50:32+00:00 INFO (6): Max Invoice: 2
2012-01-03T02:50:35+00:00 INFO (6): Max Invoice: 2
2012-01-03T02:50:41+00:00 INFO (6): Max Invoice: 2
2012-01-03T02:50:41+00:00 INFO (6): Max Invoice: 2
2012-01-03T02:50:44+00:00 INFO (6): Max Invoice: 2
2012-01-03T02:50:49+00:00 INFO (6): Max Invoice: 2
2012-01-03T02:50:49+00:00 INFO (6): Max Invoice: 2
2012-01-03T02:50:51+00:00 INFO (6): Max Invoice: 2
2012-01-03T02:50:51+00:00 INFO (6): eway pre check: false
2012-01-03T02:51:02+00:00 INFO (6): Max Invoice: 2
2012-01-03T02:52:52+00:00 INFO (6): Max Invoice: 2
2012-01-03T02:52:52+00:00 INFO (6): Max Invoice: 2
2012-01-03T02:53:01+00:00 INFO (6): Max Invoice: 2
2012-01-03T02:54:17+00:00 INFO (6): Max Invoice: 2
2012-01-03T17:32:47+00:00 INFO (6): Max Invoice: 2
2012-01-03T17:32:48+00:00 INFO (6): Max Invoice: 2
2012-01-03T17:33:11+00:00 INFO (6): Max Invoice: 2
2012-01-03T17:33:14+00:00 INFO (6): Max Invoice: 2
2012-01-03T17:33:15+00:00 INFO (6): Max Invoice: 2
2012-01-03T17:33:23+00:00 INFO (6): Max Invoice: 2
2012-01-03T17:33:24+00:00 INFO (6): Max Invoice: 2
2012-01-03T17:33:25+00:00 INFO (6): Max Invoice: 2
2012-01-03T17:33:25+00:00 INFO (6): Max Invoice: 2
2012-01-03T17:33:33+00:00 INFO (6): Max Invoice: 2
2012-01-03T17:33:35+00:00 INFO (6): Max Invoice: 2
2012-01-03T17:33:45+00:00 INFO (6): Max Invoice: 2
2012-01-03T17:33:45+00:00 INFO (6): Max Invoice: 2
2012-01-03T17:33:50+00:00 INFO (6): Max Invoice: 2
2012-01-03T17:34:01+00:00 INFO (6): Max Invoice: 2
2012-01-03T17:34:07+00:00 INFO (6): Max Invoice: 2
2012-01-03T17:34:07+00:00 INFO (6): Max Invoice: 2
2012-01-03T17:34:14+00:00 INFO (6): Max Invoice: 2
2012-01-03T17:34:20+00:00 INFO (6): Max Invoice: 2
2012-01-03T17:34:20+00:00 INFO (6): Max Invoice: 2
2012-01-03T17:34:23+00:00 INFO (6): Max Invoice: 2
2012-01-03T17:34:31+00:00 INFO (6): Max Invoice: 2
2012-01-03T17:43:44+00:00 INFO (6): Max Invoice: 2
2012-01-03T17:47:27+00:00 INFO (6): Max Invoice: 2
2012-01-03T17:47:29+00:00 INFO (6): Max Invoice: 2
2012-01-03T17:47:30+00:00 INFO (6): Max Invoice: 2
2012-01-03T17:47:30+00:00 INFO (6): Max Invoice: 2
2012-01-03T17:47:30+00:00 INFO (6): Max Invoice: 2
2012-01-03T17:47:32+00:00 INFO (6): Max Invoice: 2
2012-01-03T17:47:36+00:00 INFO (6): Max Invoice: 2
2012-01-03T17:47:43+00:00 INFO (6): Max Invoice: 2
2012-01-03T17:47:45+00:00 INFO (6): Max Invoice: 2
2012-01-03T17:47:45+00:00 INFO (6): Max Invoice: 2
2012-01-03T17:47:51+00:00 INFO (6): Max Invoice: 2
2012-01-03T17:47:51+00:00 INFO (6): Max Invoice: 2
2012-01-03T17:47:59+00:00 INFO (6): Max Invoice: 2
2012-01-03T17:47:59+00:00 INFO (6): eway pre check: false
2012-01-03T17:48:06+00:00 INFO (6): Max Invoice: 2
2012-01-03T17:48:27+00:00 INFO (6): Max Invoice: 2
2012-01-03T17:48:49+00:00 INFO (6): Max Invoice: 2
2012-01-03T17:48:49+00:00 INFO (6): eway pre check: false
2012-01-03T17:48:54+00:00 INFO (6): Max Invoice: 2
2012-01-03T17:48:54+00:00 INFO (6): Max Invoice: 2
2012-01-03T17:48:57+00:00 INFO (6): Max Invoice: 2
2012-01-03T17:49:05+00:00 INFO (6): Max Invoice: 2
2012-01-03T17:49:11+00:00 INFO (6): Max Invoice: 2
2012-01-03T17:49:14+00:00 INFO (6): Max Invoice: 2
2012-01-03T17:49:14+00:00 INFO (6): Max Invoice: 2
2012-01-03T17:49:18+00:00 INFO (6): Max Invoice: 2
2012-01-03T17:49:19+00:00 INFO (6): Max Invoice: 2
2012-01-03T17:49:24+00:00 INFO (6): Max Invoice: 2
2012-01-03T17:49:24+00:00 INFO (6): eway pre check: false
2012-01-03T17:49:26+00:00 INFO (6): Max Invoice: 2
2012-01-03T17:49:27+00:00 INFO (6): Max Invoice: 2
2012-01-03T17:49:29+00:00 INFO (6): Max Invoice: 2
2012-01-03T18:51:23+00:00 INFO (6): Max Invoice: 2
2012-01-03T18:51:24+00:00 INFO (6): Max Invoice: 2
2012-01-03T18:51:28+00:00 INFO (6): Max Invoice: 2
2012-01-03T18:51:30+00:00 INFO (6): Max Invoice: 2
2012-01-03T18:51:30+00:00 INFO (6): Max Invoice: 2
2012-01-03T18:51:38+00:00 INFO (6): Max Invoice: 2
2012-01-03T18:51:38+00:00 INFO (6): Max Invoice: 2
2012-01-03T18:51:40+00:00 INFO (6): Max Invoice: 2
2012-01-03T18:51:42+00:00 INFO (6): Max Invoice: 2
2012-01-03T18:51:52+00:00 INFO (6): Max Invoice: 2
2012-01-03T18:51:54+00:00 INFO (6): Max Invoice: 2
2012-01-03T18:51:55+00:00 INFO (6): Max Invoice: 2
2012-01-03T18:51:59+00:00 INFO (6): Max Invoice: 2
2012-01-03T18:51:59+00:00 INFO (6): Max Invoice: 2
2012-01-03T18:52:03+00:00 INFO (6): Max Invoice: 2
2012-01-03T18:58:36+00:00 INFO (6): Max Invoice: 2
2012-01-03T18:58:39+00:00 INFO (6): Max Invoice: 2
2012-01-03T18:58:53+00:00 INFO (6): Max Invoice: 2
2012-01-03T18:59:04+00:00 INFO (6): Max Invoice: 2
2012-01-03T18:59:05+00:00 INFO (6): Max Invoice: 2
2012-01-03T18:59:17+00:00 INFO (6): Max Invoice: 2
2012-01-03T19:03:24+00:00 INFO (6): Max Invoice: 2
2012-01-03T19:03:25+00:00 INFO (6): Max Invoice: 2
2012-01-03T19:03:28+00:00 INFO (6): Max Invoice: 2
2012-01-03T19:04:43+00:00 INFO (6): Max Invoice: 2
2012-01-03T19:04:44+00:00 INFO (6): Max Invoice: 2
2012-01-03T19:04:50+00:00 INFO (6): Max Invoice: 2
2012-01-03T19:04:51+00:00 INFO (6): Max Invoice: 2
2012-01-03T19:04:53+00:00 INFO (6): Max Invoice: 2
2012-01-03T19:04:56+00:00 INFO (6): Max Invoice: 2
2012-01-03T19:05:02+00:00 INFO (6): Max Invoice: 2
2012-01-03T19:05:05+00:00 INFO (6): Max Invoice: 2
2012-01-03T19:05:05+00:00 INFO (6): Max Invoice: 2
2012-01-03T19:05:09+00:00 INFO (6): Max Invoice: 2
2012-01-03T19:05:10+00:00 INFO (6): Max Invoice: 2
2012-01-03T19:05:12+00:00 INFO (6): Max Invoice: 2
2012-01-03T19:05:25+00:00 INFO (6): Max Invoice: 2
2012-01-03T19:05:25+00:00 INFO (6): Max Invoice: 2
2012-01-03T19:05:35+00:00 INFO (6): Max Invoice: 2
2012-01-03T19:05:35+00:00 INFO (6): eway pre check: false
2012-01-03T19:05:42+00:00 INFO (6): Max Invoice: 2
2012-01-03T19:05:55+00:00 INFO (6): Max Invoice: 2
2012-01-03T19:05:55+00:00 INFO (6): Max Invoice: 2
2012-01-03T19:06:01+00:00 INFO (6): Max Invoice: 2
2012-01-03T19:06:02+00:00 INFO (6): Max Invoice: 2
2012-01-03T19:06:06+00:00 INFO (6): Max Invoice: 2
2012-01-03T19:06:15+00:00 INFO (6): Max Invoice: 2
2012-01-03T19:06:29+00:00 INFO (6): Max Invoice: 2
2012-01-03T19:06:59+00:00 INFO (6): Max Invoice: 2
2012-01-03T19:07:34+00:00 INFO (6): Max Invoice: 2
2012-01-03T19:07:36+00:00 INFO (6): Max Invoice: 2
2012-01-03T19:07:37+00:00 INFO (6): Max Invoice: 2
2012-01-03T19:07:40+00:00 INFO (6): Max Invoice: 2
2012-01-03T19:07:40+00:00 INFO (6): Max Invoice: 2
2012-01-03T19:07:44+00:00 INFO (6): Max Invoice: 2
2012-01-03T19:07:47+00:00 INFO (6): Max Invoice: 2
2012-01-03T19:07:47+00:00 INFO (6): Max Invoice: 2
2012-01-03T19:07:52+00:00 INFO (6): Max Invoice: 2
2012-01-03T19:09:10+00:00 INFO (6): Max Invoice: 2
2012-01-03T19:09:15+00:00 INFO (6): Max Invoice: 2
2012-01-03T19:09:43+00:00 INFO (6): Max Invoice: 2
2012-01-03T19:09:57+00:00 INFO (6): Max Invoice: 2
2012-01-03T19:10:00+00:00 INFO (6): Max Invoice: 2
2012-01-03T19:10:05+00:00 INFO (6): Max Invoice: 2
2012-01-03T19:10:05+00:00 INFO (6): Itemised invoice created
2012-01-03T19:14:13+00:00 INFO (6): Max Invoice: 2
2012-01-03T19:14:14+00:00 INFO (6): Max Invoice: 2
2012-01-03T19:14:29+00:00 INFO (6): Max Invoice: 2
2012-01-03T19:19:12+00:00 INFO (6): Max Invoice: 2
2012-01-03T19:19:50+00:00 INFO (6): Max Invoice: 2
2012-01-04T00:38:44+00:00 INFO (6): Max Invoice: 2
2012-01-04T00:38:46+00:00 INFO (6): Max Invoice: 2
2012-01-04T00:38:59+00:00 INFO (6): Max Invoice: 2
2012-01-04T00:39:21+00:00 INFO (6): Max Invoice: 2
2012-01-04T00:39:22+00:00 INFO (6): Max Invoice: 2
2012-01-04T00:39:37+00:00 INFO (6): Max Invoice: 2
2012-01-04T00:39:37+00:00 INFO (6): Itemised invoice created
2012-01-04T00:40:04+00:00 INFO (6): Max Invoice: 2
2012-01-04T00:40:04+00:00 INFO (6): Max Invoice: 2
2012-01-04T00:40:26+00:00 INFO (6): Max Invoice: 2
2012-01-04T00:40:27+00:00 INFO (6): Max Invoice: 2
2012-01-04T00:40:57+00:00 INFO (6): Max Invoice: 2
2012-01-04T00:40:57+00:00 INFO (6): Max Invoice: 2
2012-01-04T00:41:08+00:00 INFO (6): Max Invoice: 2
2012-01-04T00:41:44+00:00 INFO (6): Max Invoice: 2
2012-01-20T16:32:18+00:00 INFO (6): Max Invoice: 2
2012-01-20T16:32:19+00:00 INFO (6): Max Invoice: 2
2012-01-20T16:32:30+00:00 INFO (6): Max Invoice: 2
2012-01-20T16:32:34+00:00 INFO (6): Max Invoice: 2
2012-01-20T16:33:29+00:00 INFO (6): Max Invoice: 2
2012-01-20T16:33:43+00:00 INFO (6): Max Invoice: 2
2012-01-20T16:33:44+00:00 INFO (6): Max Invoice: 2
2012-03-03T20:58:01+00:00 INFO (6): Max Invoice: 2
2012-03-03T20:58:02+00:00 INFO (6): Max Invoice: 2
2012-03-03T20:59:16+00:00 INFO (6): Max Invoice: 2
2012-03-03T20:59:16+00:00 INFO (6): Itemised invoice created
2012-03-03T21:00:41+00:00 INFO (6): Max Invoice: 2
2012-03-03T21:00:46+00:00 INFO (6): Max Invoice: 2
2012-03-03T21:00:46+00:00 INFO (6): Itemised invoice created
2012-03-04T05:20:10+00:00 INFO (6): Max Invoice: 2
2012-03-04T05:20:11+00:00 INFO (6): Max Invoice: 2
2012-03-04T05:20:14+00:00 INFO (6): Max Invoice: 2
2012-03-04T05:21:07+00:00 INFO (6): Max Invoice: 2
2012-03-04T05:21:08+00:00 INFO (6): Max Invoice: 2
2012-03-04T05:21:30+00:00 INFO (6): Max Invoice: 2
2012-03-04T05:21:31+00:00 INFO (6): Max Invoice: 2
2012-03-04T05:21:36+00:00 INFO (6): Max Invoice: 2
2012-03-04T05:22:11+00:00 INFO (6): Max Invoice: 2
2012-03-04T05:23:47+00:00 INFO (6): Max Invoice: 2
2012-03-04T05:25:32+00:00 INFO (6): Max Invoice: 2
2012-03-04T05:26:03+00:00 INFO (6): Max Invoice: 2
2012-03-04T05:26:03+00:00 INFO (6): Max Invoice: 2
2012-03-04T05:26:03+00:00 INFO (6): Max Invoice: 2
2012-03-04T05:27:09+00:00 INFO (6): Max Invoice: 2
2012-03-04T05:27:10+00:00 INFO (6): Max Invoice: 2
2012-03-04T05:29:16+00:00 INFO (6): Max Invoice: 2
2012-03-04T05:29:17+00:00 INFO (6): Max Invoice: 2
2012-03-04T05:29:20+00:00 INFO (6): Max Invoice: 2
2012-03-04T05:29:20+00:00 INFO (6): eway pre check: false
2012-03-04T05:29:24+00:00 INFO (6): Max Invoice: 2
2012-03-04T05:29:41+00:00 INFO (6): Max Invoice: 2
2012-03-04T05:29:42+00:00 INFO (6): Max Invoice: 2
2012-03-04T05:29:43+00:00 INFO (6): Max Invoice: 2
2012-03-04T05:29:47+00:00 INFO (6): Max Invoice: 2
2012-03-04T05:29:47+00:00 INFO (6): eway pre check: false
2012-03-04T05:34:04+00:00 INFO (6): Max Invoice: 2
2012-03-04T05:34:04+00:00 INFO (6): Max Invoice: 2
2012-03-04T05:34:29+00:00 INFO (6): Max Invoice: 2
2012-03-04T05:34:30+00:00 INFO (6): Max Invoice: 2
2012-03-04T05:34:36+00:00 INFO (6): Max Invoice: 2
2012-03-04T05:36:04+00:00 INFO (6): Max Invoice: 2
2012-03-04T05:37:01+00:00 INFO (6): Max Invoice: 2
2012-03-04T05:37:01+00:00 INFO (6): Max Invoice: 2
2012-03-04T05:37:10+00:00 INFO (6): Max Invoice: 2
2012-03-04T05:54:58+00:00 INFO (6): Max Invoice: 2
2012-11-14T23:30:44+00:00 INFO (6): Max Invoice: 2
2012-11-14T23:30:44+00:00 INFO (6): Max Invoice: 2
2012-11-14T23:31:04+00:00 INFO (6): Max Invoice: 2
2012-11-14T23:31:22+00:00 INFO (6): Max Invoice: 2
2012-11-14T23:31:35+00:00 INFO (6): Max Invoice: 2
2012-11-14T23:31:35+00:00 INFO (6): Max Invoice: 2
2012-11-14T23:33:26+00:00 INFO (6): Max Invoice: 2
2012-11-14T23:33:40+00:00 INFO (6): Max Invoice: 2
2012-11-14T23:34:08+00:00 INFO (6): Max Invoice: 2
2012-11-14T23:34:08+00:00 INFO (6): Max Invoice: 2
2012-11-15T00:31:39+00:00 INFO (6): Max Invoice: 2
2012-11-15T00:31:39+00:00 INFO (6): Max Invoice: 2
2012-11-15T00:31:44+00:00 INFO (6): Max Invoice: 2
2012-11-15T00:31:51+00:00 INFO (6): Max Invoice: 2
2012-11-15T00:32:02+00:00 INFO (6): Max Invoice: 2
2012-11-15T00:32:02+00:00 INFO (6): Max Invoice: 2
2012-11-15T00:34:30+00:00 INFO (6): Max Invoice: 2
2012-11-15T00:34:31+00:00 INFO (6): Max Invoice: 2
2012-11-15T00:34:35+00:00 INFO (6): Max Invoice: 2
2012-11-15T00:34:41+00:00 INFO (6): Max Invoice: 2
2012-11-15T00:34:48+00:00 INFO (6): Max Invoice: 2
2012-11-15T00:34:48+00:00 INFO (6): Max Invoice: 2
2012-11-15T00:34:53+00:00 INFO (6): Max Invoice: 2
2012-11-15T00:34:53+00:00 INFO (6): Max Invoice: 2
2012-11-15T00:35:02+00:00 INFO (6): Max Invoice: 2
2012-11-15T00:35:29+00:00 INFO (6): Max Invoice: 2
2012-11-15T00:35:37+00:00 INFO (6): Max Invoice: 2
2012-11-15T00:35:37+00:00 INFO (6): Max Invoice: 2
2012-11-15T00:35:41+00:00 INFO (6): Max Invoice: 2
2012-11-15T00:35:42+00:00 INFO (6): Max Invoice: 2
2012-11-15T00:35:44+00:00 INFO (6): Max Invoice: 2
2012-11-15T00:36:31+00:00 INFO (6): Max Invoice: 2
2012-11-15T00:36:31+00:00 INFO (6): Max Invoice: 2
2012-11-15T00:36:34+00:00 INFO (6): Max Invoice: 2
2012-11-15T00:36:44+00:00 INFO (6): Max Invoice: 2
2012-11-15T00:37:05+00:00 INFO (6): Max Invoice: 2
2012-11-15T00:37:07+00:00 INFO (6): Max Invoice: 2
2012-11-15T00:37:07+00:00 INFO (6): Max Invoice: 2
2012-11-15T00:37:11+00:00 INFO (6): Max Invoice: 2
2012-11-15T00:37:18+00:00 INFO (6): Max Invoice: 2
2012-11-15T00:37:18+00:00 INFO (6): Max Invoice: 2
2012-11-15T00:37:22+00:00 INFO (6): Max Invoice: 2
2012-11-15T00:37:27+00:00 INFO (6): Max Invoice: 2
2012-11-15T00:37:44+00:00 INFO (6): Max Invoice: 2
2012-11-15T00:37:44+00:00 INFO (6): Max Invoice: 2
2012-11-15T00:39:26+00:00 INFO (6): Max Invoice: 2
2012-11-15T00:41:08+00:00 INFO (6): Max Invoice: 2
2012-11-19T16:01:30+00:00 INFO (6): Max Invoice: 2
2012-11-19T16:01:30+00:00 INFO (6): Max Invoice: 2
2012-11-19T16:01:35+00:00 INFO (6): Max Invoice: 2
2014-12-18T15:25:18-05:00 INFO (6): Max Invoice: 2
2014-12-18T15:25:18-05:00 INFO (6): Max Invoice: 2
2014-12-18T15:25:28-05:00 INFO (6): Max Invoice: 2
2014-12-18T15:25:30-05:00 INFO (6): Max Invoice: 2
2014-12-18T15:25:33-05:00 INFO (6): Max Invoice: 2
2014-12-18T15:25:33-05:00 INFO (6): Max Invoice: 2
2014-12-18T15:25:40-05:00 INFO (6): Max Invoice: 2
2014-12-18T15:25:48-05:00 INFO (6): Max Invoice: 2
2014-12-18T15:26:00-05:00 INFO (6): Max Invoice: 2
2014-12-18T15:26:01-05:00 INFO (6): Max Invoice: 2
2014-12-18T15:26:05-05:00 INFO (6): Max Invoice: 2
2014-12-18T15:26:06-05:00 INFO (6): Max Invoice: 2
2014-12-18T15:26:58-05:00 INFO (6): Max Invoice: 2
2014-12-18T15:27:00-05:00 INFO (6): Max Invoice: 2
2014-12-18T15:29:20-05:00 INFO (6): Max Invoice: 2
2014-12-18T15:29:20-05:00 INFO (6): Max Invoice: 2
2014-12-18T15:30:28-05:00 INFO (6): Max Invoice: 2
2014-12-18T15:30:28-05:00 INFO (6): Max Invoice: 2
2014-12-18T15:32:06-05:00 INFO (6): Max Invoice: 2
2014-12-18T15:32:07-05:00 INFO (6): Max Invoice: 2
2014-12-18T15:32:25-05:00 INFO (6): Max Invoice: 2
2014-12-18T15:32:25-05:00 INFO (6): eway pre check: false
2014-12-18T15:33:15-05:00 INFO (6): Max Invoice: 2
2014-12-18T15:52:15-05:00 INFO (6): Max Invoice: 2
2014-12-18T15:52:15-05:00 INFO (6): Itemised invoice created
2014-12-18T15:52:22-05:00 INFO (6): Max Invoice: 2
2014-12-18T15:52:26-05:00 INFO (6): Max Invoice: 2
2014-12-18T15:52:26-05:00 INFO (6): Itemised invoice created
2014-12-18T15:52:43-05:00 INFO (6): Max Invoice: 2
2014-12-18T15:52:44-05:00 INFO (6): Max Invoice: 2
2014-12-18T15:52:54-05:00 INFO (6): Max Invoice: 2
2014-12-18T15:56:22-05:00 INFO (6): Max Invoice: 2
2014-12-18T15:56:24-05:00 INFO (6): Max Invoice: 2
2014-12-18T15:56:25-05:00 INFO (6): Max Invoice: 2
2014-12-18T15:56:30-05:00 INFO (6): Max Invoice: 2
2014-12-18T15:56:36-05:00 INFO (6): Max Invoice: 2
2014-12-18T15:56:36-05:00 INFO (6): Max Invoice: 2
2014-12-18T15:56:37-05:00 INFO (6): Max Invoice: 2
2014-12-18T15:56:51-05:00 INFO (6): Max Invoice: 2
2014-12-18T15:56:52-05:00 INFO (6): Max Invoice: 2
2014-12-18T15:57:02-05:00 INFO (6): Max Invoice: 2
2014-12-18T15:57:03-05:00 INFO (6): Max Invoice: 2
2014-12-18T15:57:05-05:00 INFO (6): Max Invoice: 2
2014-12-18T15:57:05-05:00 INFO (6): eway pre check: false
2014-12-18T15:57:17-05:00 INFO (6): Max Invoice: 2
2014-12-18T15:58:56-05:00 INFO (6): Max Invoice: 2
2014-12-18T16:00:20-05:00 INFO (6): Max Invoice: 2
